<?xml version="1.0" encoding="UTF-8"?>
<!-- Generated by org.testng.reporters.JUnitXMLReporter -->
<testsuite ignored="0" hostname="LAPTOP-AVB2L64G" failures="0" tests="3" name="Default test" time="25.99" errors="0" timestamp="01 Mar 2024 08:26:16 GMT">
  <testcase classname="com.crm.qa.testcases.LoginPageTest" name="loginPageTitleTest" time="0.085"/>
  <testcase classname="com.crm.qa.testcases.LoginPageTest" name="crmLogoImageTest" time="0.128"/>
  <testcase classname="com.crm.qa.testcases.LoginPageTest" name="loginTest" time="4.825"/>
</testsuite> <!-- Default test -->
